Error: That port is already in use.
Invalid HTTP_HOST header: 'localhost:8081'. You may need to add u'localhost' to ALLOWED_HOSTS.
[04/Sep/2020 12:58:54] "GET / HTTP/1.1" 400 59728
Invalid HTTP_HOST header: 'repo'. You may need to add u'repo' to ALLOWED_HOSTS.
[04/Sep/2020 13:02:05] "GET / HTTP/1.0" 400 61439
Invalid HTTP_HOST header: 'repo'. You may need to add u'repo' to ALLOWED_HOSTS.
[04/Sep/2020 13:02:17] "GET /admin HTTP/1.0" 400 61048
Invalid HTTP_HOST header: 'repo'. You may need to add u'repo' to ALLOWED_HOSTS.
[04/Sep/2020 13:02:20] "GET /admin/ HTTP/1.0" 400 61059
Invalid HTTP_HOST header: 'repo'. You may need to add u'repo' to ALLOWED_HOSTS.
[04/Sep/2020 13:02:31] "GET /repo/ HTTP/1.0" 400 61048
Invalid HTTP_HOST header: 'repo'. You may need to add u'repo' to ALLOWED_HOSTS.
[04/Sep/2020 13:02:48] "GET / HTTP/1.0" 400 60993
[04/Sep/2020 13:04:23] "GET / HTTP/1.0" 200 1716
[04/Sep/2020 13:04:31] "GET /admin HTTP/1.0" 301 0
[04/Sep/2020 13:04:31] "GET /admin/ HTTP/1.0" 200 2779
[04/Sep/2020 13:04:31] "GET /static/admin/css/base.css HTTP/1.0" 200 16066
[04/Sep/2020 13:04:31] "GET /static/admin/css/dashboard.css HTTP/1.0" 200 412
[04/Sep/2020 13:04:31] "GET /static/admin/css/fonts.css HTTP/1.0" 200 423
[04/Sep/2020 13:04:31] "GET /static/admin/img/icon-addlink.svg HTTP/1.0" 200 331
[04/Sep/2020 13:04:31] "GET /static/admin/img/icon-changelink.svg HTTP/1.0" 200 380
[04/Sep/2020 13:04:31] "GET /static/admin/fonts/Roboto-Light-webfont.woff HTTP/1.0" 200 81348
[04/Sep/2020 13:04:31] "GET /static/admin/fonts/Roboto-Regular-webfont.woff HTTP/1.0" 200 80304
[04/Sep/2020 13:04:31] "GET /static/admin/fonts/Roboto-Bold-webfont.woff HTTP/1.0" 200 82564
[04/Sep/2020 13:04:41] "GET / HTTP/1.0" 200 1716
[04/Sep/2020 13:42:14] "GET / HTTP/1.0" 200 1716
